info @storybook/react v6.4.22
info 
info => Cleaning outputDir: /var/folders/js/df_dt2td3hx6lhm1l9958bch0000gn/T/chromatic--82028-B2IJKUxcrRbF
(node:82059) DeprecationWarning: --static-dir CLI flag is deprecated, see:

https://github.com/storybookjs/storybook/blob/next/MIGRATION.md#deprecated---static-dir-cli-flag
(Use `node --trace-deprecation ...` to show where the warning was created)
info => Loading presets
(node:82059) DeprecationWarning: Configuration files such as "config", "presets" and "addons" are deprecated and will be removed in Storybook 7.0.
Read more about it in the migration guide: https://github.com/storybookjs/storybook/blob/master/MIGRATION.md#to-mainjs-configuration
info => Copying static files: ./public => ./
info => Loading custom manager config
info => Compiling manager..
info => Compiling preview..
info => Using PostCSS preset with postcss@8.4.13
info => Using default Webpack4 setup
<s> [webpack.Progress] 0% compiling
<s> [webpack.Progress] 10% building 0/0 modules 0 active 
<s> [webpack.Progress] 10% building 0/1 modules 1 active multi /Users/yonghyunyeob/Documents/lecture/react/greenLanton/node_modules/@storybook/core-client/dist/esm/globals/polyfills.js /Users/yonghyunyeob/Documents/lecture/react/greenLanton/node_modules/@storybook/core-client/dist/esm/globals/globals.js /Users/yonghyunyeob/Documents/lecture/react/greenLanton/storybook-init-framework-entry.js /Users/yonghyunyeob/Documents/lecture/react/greenLanton/node_modules/@storybook/addon-docs/dist/esm/frameworks/common/config.js-generated-config-entry.js /Users/yonghyunyeob/Documents/lecture/react/greenLanton/node_modules/@storybook/addon-docs/dist/esm/frameworks/react/config.js-generated-config-entry.js /Users/yonghyunyeob/Documents/lecture/react/greenLanton/node_modules/@storybook/react/dist/esm/client/preview/config-generated-config-entry.js /Users/yonghyunyeob/Documents/lecture/react/greenLanton/node_modules/@storybook/addon-links/dist/esm/preset/addDecorator.js-generated-config-entry.js /Users/yonghyunyeob/Documents/lecture/react/greenLanton/node_modules/@storybook/addon-actions/dist/esm/preset/addDecorator.js-generated-config-entry.js /Users/yonghyunyeob/Documents/lecture/react/greenLanton/node_modules/@storybook/addon-actions/dist/esm/preset/addArgs.js-generated-config-entry.js /Users/yonghyunyeob/Documents/lecture/react/greenLanton/node_modules/@storybook/addon-backgrounds/dist/esm/preset/addDecorator.js-generated-config-entry.js /Users/yonghyunyeob/Documents/lecture/react/greenLanton/node_modules/@storybook/addon-backgrounds/dist/esm/preset/addParameter.js-generated-config-entry.js /Users/yonghyunyeob/Documents/lecture/react/greenLanton/node_modules/@storybook/addon-measure/dist/esm/preset/addDecorator.js-generated-config-entry.js /Users/yonghyunyeob/Documents/lecture/react/greenLanton/node_modules/@storybook/addon-outline/dist/esm/preset/addDecorator.js-generated-config-entry.js /Users/yonghyunyeob/Documents/lecture/react/greenLanton/node_modules/@storybook/addon-knobs/dist/preset/addDecorator.js-generated-config-entry.js /Users/yonghyunyeob/Documents/lecture/react/greenLanton/node_modules/storybook-addon-next-router/dist/preset/addDecorator.js-generated-config-entry.js /Users/yonghyunyeob/Documents/lecture/react/greenLanton/.storybook/preview.js-generated-config-entry.js /Users/yonghyunyeob/Documents/lecture/react/greenLanton/generated-stories-entry.js
<s> [webpack.Progress] 10% building 1/1 modules 0 active 
info => Loading custom manager config
<s> [webpack.Progress] 10% building 1/2 modules 1 active /Users/yonghyunyeob/Documents/lecture/react/greenLanton/node_modules/babel-loader/lib/index.js??ref--5-0!/Users/yonghyunyeob/Documents/lecture/react/greenLanton/storybook-init-framework-entry.js
<s> [webpack.Progress] 10% building 1/3 modules 2 active /Users/yonghyunyeob/Documents/lecture/react/greenLanton/node_modules/babel-loader/lib/index.js??ref--5-0!/Users/yonghyunyeob/Documents/lecture/react/greenLanton/generated-stories-entry.js
<s> [webpack.Progress] 10% building 1/4 modules 3 active /Users/yonghyunyeob/Documents/lecture/react/greenLanton/node_modules/babel-loader/lib/index.js??ref--5-0!/Users/yonghyunyeob/Documents/lecture/react/greenLanton/.storybook/preview.js-generated-config-entry.js
<s> [webpack.Progress] 10% building 1/5 modules 4 active /Users/yonghyunyeob/Documents/lecture/react/greenLanton/node_modules/storybook-addon-next-router/dist/preset/addDecorator.js-generated-config-entry.js
<s> [webpack.Progress] 10% building 1/6 modules 5 active /Users/yonghyunyeob/Documents/lecture/react/greenLanton/node_modules/@storybook/addon-knobs/dist/preset/addDecorator.js-generated-config-entry.js
<s> [webpack.Progress] 10% building 2/6 modules 4 active /Users/yonghyunyeob/Documents/lecture/react/greenLanton/node_modules/@storybook/addon-knobs/dist/preset/addDecorator.js-generated-config-entry.js
<s> [webpack.Progress] 10% building 3/6 modules 3 active /Users/yonghyunyeob/Documents/lecture/react/greenLanton/node_modules/babel-loader/lib/index.js??ref--5-0!/Users/yonghyunyeob/Documents/lecture/react/greenLanton/.storybook/preview.js-generated-config-entry.js
<s> [webpack.Progress] 10% building 3/7 modules 4 active /Users/yonghyunyeob/Documents/lecture/react/greenLanton/node_modules/@storybook/addon-actions/dist/esm/preset/addDecorator.js-generated-config-entry.js
<s> [webpack.Progress] 10% building 3/8 modules 5 active /Users/yonghyunyeob/Documents/lecture/react/greenLanton/node_modules/@storybook/addon-actions/dist/esm/preset/addArgs.js-generated-config-entry.js
<s> [webpack.Progress] 10% building 4/8 modules 4 active /Users/yonghyunyeob/Documents/lecture/react/greenLanton/node_modules/@storybook/addon-actions/dist/esm/preset/addArgs.js-generated-config-entry.js
<s> [webpack.Progress] 10% building 5/8 modules 3 active /Users/yonghyunyeob/Documents/lecture/react/greenLanton/node_modules/babel-loader/lib/index.js??ref--5-0!/Users/yonghyunyeob/Documents/lecture/react/greenLanton/.storybook/preview.js-generated-config-entry.js
<s> [webpack.Progress] 10% building 5/9 modules 4 active /Users/yonghyunyeob/Documents/lecture/react/greenLanton/node_modules/@storybook/addon-backgrounds/dist/esm/preset/addDecorator.js-generated-config-entry.js
<s> [webpack.Progress] 10% building 5/10 modules 5 active /Users/yonghyunyeob/Documents/lecture/react/greenLanton/node_modules/@storybook/addon-backgrounds/dist/esm/preset/addParameter.js-generated-config-entry.js
<s> [webpack.Progress] 10% building 6/10 modules 4 active /Users/yonghyunyeob/Documents/lecture/react/greenLanton/node_modules/@storybook/addon-backgrounds/dist/esm/preset/addParameter.js-generated-config-entry.js
<s> [webpack.Progress] 10% building 7/10 modules 3 active /Users/yonghyunyeob/Documents/lecture/react/greenLanton/node_modules/babel-loader/lib/index.js??ref--5-0!/Users/yonghyunyeob/Documents/lecture/react/greenLanton/.storybook/preview.js-generated-config-entry.js
<s> [webpack.Progress] 10% building 7/11 modules 4 active /Users/yonghyunyeob/Documents/lecture/react/greenLanton/node_modules/@storybook/addon-links/dist/esm/preset/addDecorator.js-generated-config-entry.js
<s> [webpack.Progress] 10% building 8/11 modules 3 active /Users/yonghyunyeob/Documents/lecture/react/greenLanton/node_modules/babel-loader/lib/index.js??ref--5-0!/Users/yonghyunyeob/Documents/lecture/react/greenLanton/.storybook/preview.js-generated-config-entry.js
<s> [webpack.Progress] 10% building 8/12 modules 4 active /Users/yonghyunyeob/Documents/lecture/react/greenLanton/node_modules/@storybook/addon-measure/dist/esm/preset/addDecorator.js-generated-config-entry.js
<s> [webpack.Progress] 11% building 9/12 modules 3 active /Users/yonghyunyeob/Documents/lecture/react/greenLanton/node_modules/babel-loader/lib/index.js??ref--5-0!/Users/yonghyunyeob/Documents/lecture/react/greenLanton/.storybook/preview.js-generated-config-entry.js
<s> [webpack.Progress] 11% building 9/13 modules 4 active /Users/yonghyunyeob/Documents/lecture/react/greenLanton/node_modules/@storybook/addon-outline/dist/esm/preset/addDecorator.js-generated-config-entry.js
<s> [webpack.Progress] 11% building 10/13 modules 3 active /Users/yonghyunyeob/Documents/lecture/react/greenLanton/node_modules/babel-loader/lib/index.js??ref--5-0!/Users/yonghyunyeob/Documents/lecture/react/greenLanton/.storybook/preview.js-generated-config-entry.js
<s> [webpack.Progress] 11% building 10/14 modules 4 active /Users/yonghyunyeob/Documents/lecture/react/greenLanton/node_modules/@storybook/addon-docs/dist/esm/frameworks/common/config.js-generated-config-entry.js
<s> [webpack.Progress] 11% building 10/15 modules 5 active /Users/yonghyunyeob/Documents/lecture/react/greenLanton/node_modules/@storybook/addon-docs/dist/esm/frameworks/react/config.js-generated-config-entry.js
<s> [webpack.Progress] 11% building 11/15 modules 4 active /Users/yonghyunyeob/Documents/lecture/react/greenLanton/node_modules/@storybook/addon-docs/dist/esm/frameworks/react/config.js-generated-config-entry.js
<s> [webpack.Progress] 11% building 12/15 modules 3 active /Users/yonghyunyeob/Documents/lecture/react/greenLanton/node_modules/babel-loader/lib/index.js??ref--5-0!/Users/yonghyunyeob/Documents/lecture/react/greenLanton/.storybook/preview.js-generated-config-entry.js
<s> [webpack.Progress] 11% building 12/16 modules 4 active /Users/yonghyunyeob/Documents/lecture/react/greenLanton/node_modules/@storybook/react/dist/esm/client/preview/config-generated-config-entry.js
<s> [webpack.Progress] 11% building 13/16 modules 3 active /Users/yonghyunyeob/Documents/lecture/react/greenLanton/node_modules/babel-loader/lib/index.js??ref--5-0!/Users/yonghyunyeob/Documents/lecture/react/greenLanton/.storybook/preview.js-generated-config-entry.js
<s> [webpack.Progress] 11% building 13/17 modules 4 active /Users/yonghyunyeob/Documents/lecture/react/greenLanton/node_modules/storybook-addon-next-router/dist/preset/addDecorator.js
<s> [webpack.Progress] 11% building 13/18 modules 5 active /Users/yonghyunyeob/Documents/lecture/react/greenLanton/node_modules/@storybook/addon-knobs/dist/preset/addDecorator.js
<s> [webpack.Progress] 11% building 13/19 modules 6 active /Users/yonghyunyeob/Documents/lecture/react/greenLanton/node_modules/@storybook/core-client/dist/esm/globals/polyfills.js
<s> [webpack.Progress] 11% building 13/20 modules 7 active /Users/yonghyunyeob/Documents/lecture/react/greenLanton/node_modules/@storybook/core-client/dist/esm/globals/globals.js
<s> [webpack.Progress] 11% building 13/21 modules 8 active /Users/yonghyunyeob/Documents/lecture/react/greenLanton/node_modules/@storybook/addon-actions/dist/esm/preset/addDecorator.js
<s> [webpack.Progress] 11% building 13/22 modules 9 active /Users/yonghyunyeob/Documents/lecture/react/greenLanton/node_modules/@storybook/addon-actions/dist/esm/preset/addArgs.js
<s> [webpack.Progress] 11% building 13/23 modules 10 active /Users/yonghyunyeob/Documents/lecture/react/greenLanton/node_modules/@storybook/addon-backgrounds/dist/esm/preset/addDecorator.js
<s> [webpack.Progress] 11% building 13/24 modules 11 active /Users/yonghyunyeob/Documents/lecture/react/greenLanton/node_modules/@storybook/addon-backgrounds/dist/esm/preset/addParameter.js
<s> [webpack.Progress] 11% building 13/25 modules 12 active /Users/yonghyunyeob/Documents/lecture/react/greenLanton/node_modules/@storybook/addon-links/dist/esm/preset/addDecorator.js
<s> [webpack.Progress] 11% building 13/26 modules 13 active /Users/yonghyunyeob/Documents/lecture/react/greenLanton/node_modules/@storybook/addon-measure/dist/esm/preset/addDecorator.js
<s> [webpack.Progress] 11% building 13/27 modules 14 active /Users/yonghyunyeob/Documents/lecture/react/greenLanton/node_modules/@storybook/addon-outline/dist/esm/preset/addDecorator.js
<s> [webpack.Progress] 11% building 13/28 modules 15 active /Users/yonghyunyeob/Documents/lecture/react/greenLanton/node_modules/@storybook/addon-docs/dist/esm/frameworks/common/config.js
<s> [webpack.Progress] 11% building 13/29 modules 16 active /Users/yonghyunyeob/Documents/lecture/react/greenLanton/node_modules/@storybook/addon-docs/dist/esm/frameworks/react/config.js
<s> [webpack.Progress] 11% building 14/29 modules 15 active /Users/yonghyunyeob/Documents/lecture/react/greenLanton/node_modules/@storybook/addon-docs/dist/esm/frameworks/react/config.js
<s> [webpack.Progress] 11% building 15/29 modules 14 active /Users/yonghyunyeob/Documents/lecture/react/greenLanton/node_modules/@storybook/addon-docs/dist/esm/frameworks/react/config.js
<s> [webpack.Progress] 11% building 16/29 modules 13 active /Users/yonghyunyeob/Documents/lecture/react/greenLanton/node_modules/@storybook/addon-docs/dist/esm/frameworks/react/config.js
<s> [webpack.Progress] 12% building 17/29 modules 12 active /Users/yonghyunyeob/Documents/lecture/react/greenLanton/node_modules/@storybook/addon-docs/dist/esm/frameworks/react/config.js
<s> [webpack.Progress] 12% building 18/29 modules 11 active /Users/yonghyunyeob/Documents/lecture/react/greenLanton/node_modules/@storybook/addon-docs/dist/esm/frameworks/react/config.js
<s> [webpack.Progress] 12% building 19/29 modules 10 active /Users/yonghyunyeob/Documents/lecture/react/greenLanton/node_modules/@storybook/addon-docs/dist/esm/frameworks/react/config.js
<s> [webpack.Progress] 12% building 20/29 modules 9 active /Users/yonghyunyeob/Documents/lecture/react/greenLanton/node_modules/@storybook/addon-docs/dist/esm/frameworks/react/config.js
<s> [webpack.Progress] 12% building 21/29 modules 8 active /Users/yonghyunyeob/Documents/lecture/react/greenLanton/node_modules/@storybook/addon-docs/dist/esm/frameworks/react/config.js
<s> [webpack.Progress] 12% building 22/29 modules 7 active /Users/yonghyunyeob/Documents/lecture/react/greenLanton/node_modules/@storybook/addon-docs/dist/esm/frameworks/react/config.js
<s> [webpack.Progress] 12% building 23/29 modules 6 active /Users/yonghyunyeob/Documents/lecture/react/greenLanton/node_modules/@storybook/addon-docs/dist/esm/frameworks/react/config.js
<s> [webpack.Progress] 12% building 24/29 modules 5 active /Users/yonghyunyeob/Documents/lecture/react/greenLanton/node_modules/@storybook/addon-docs/dist/esm/frameworks/react/config.js
<s> [webpack.Progress] 13% building 25/29 modules 4 active /Users/yonghyunyeob/Documents/lecture/react/greenLanton/node_modules/@storybook/addon-docs/dist/esm/frameworks/react/config.js
<s> [webpack.Progress] 13% building 26/29 modules 3 active /Users/yonghyunyeob/Documents/lecture/react/greenLanton/node_modules/@storybook/addon-docs/dist/esm/frameworks/react/config.js
<s> [webpack.Progress] 13% building 27/29 modules 2 active /Users/yonghyunyeob/Documents/lecture/react/greenLanton/node_modules/@storybook/addon-docs/dist/esm/frameworks/react/config.js
<s> [webpack.Progress] 13% building 28/29 modules 1 active /Users/yonghyunyeob/Documents/lecture/react/greenLanton/node_modules/@storybook/addon-docs/dist/esm/frameworks/react/config.js
<s> [webpack.Progress] 13% building 29/29 modules 0 active 
<s> [webpack.Progress] 13% building 29/30 modules 1 active /Users/yonghyunyeob/Documents/lecture/react/greenLanton/node_modules/@storybook/react/dist/esm/client/preview/config.js
<s> [webpack.Progress] 13% building 29/31 modules 2 active /Users/yonghyunyeob/Documents/lecture/react/greenLanton sync /^\.(?:(?:^|\/|(?:(?:(?!(?:^|\/)\.).)*?)\/)(?!\.)(?=.)[^/]*?\.stories\.(js|jsx|ts|tsx))$/
<s> [webpack.Progress] 13% building 29/32 modules 3 active /Users/yonghyunyeob/Documents/lecture/react/greenLanton/node_modules/babel-loader/lib/index.js??ref--5-0!/Users/yonghyunyeob/Documents/lecture/react/greenLanton/.storybook/preview.js
<s> [webpack.Progress] 13% building 29/33 modules 4 active /Users/yonghyunyeob/Documents/lecture/react/greenLanton/node_modules/storybook-addon-next-router/dist/decorators.js
<s> [webpack.Progress] 13% building 30/33 modules 3 active /Users/yonghyunyeob/Documents/lecture/react/greenLanton/node_modules/storybook-addon-next-router/dist/decorators.js
<s> [webpack.Progress] 13% building 30/34 modules 4 active /Users/yonghyunyeob/Documents/lecture/react/greenLanton/node_modules/@storybook/addon-knobs/dist/index.js
<s> [webpack.Progress] 13% building 30/35 modules 5 active /Users/yonghyunyeob/Documents/lecture/react/greenLanton/node_modules/@storybook/addon-actions/dist/esm/index.js
<s> [webpack.Progress] 13% building 30/36 modules 6 active /Users/yonghyunyeob/Documents/lecture/react/greenLanton/node_modules/@storybook/addon-actions/dist/esm/preset/addArgsHelpers.js
<s> [webpack.Progress] 13% building 30/37 modules 7 active /Users/yonghyunyeob/Documents/lecture/react/greenLanton/node_modules/@storybook/addon-links/dist/esm/index.js
<s> [webpack.Progress] 13% building 30/38 modules 8 active /Users/yonghyunyeob/Documents/lecture/react/greenLanton/node_modules/@storybook/addon-measure/dist/esm/withMeasure.js
<s> [webpack.Progress] 13% building 30/39 modules 9 active /Users/yonghyunyeob/Documents/lecture/react/greenLanton/node_modules/@storybook/addon-measure/dist/esm/constants.js
<s> [webpack.Progress] 13% building 30/40 modules 10 active /Users/yonghyunyeob/Documents/lecture/react/greenLanton/node_modules/@storybook/addon-outline/dist/esm/withOutline.js
<s> [webpack.Progress] 13% building 30/41 modules 11 active /Users/yonghyunyeob/Documents/lecture/react/greenLanton/node_modules/@storybook/addon-outline/dist/esm/constants.js
<s> [webpack.Progress] 13% building 30/42 modules 12 active /Users/yonghyunyeob/Documents/lecture/react/greenLanton/node_modules/webpack/buildin/module.js
<s> [webpack.Progress] 13% building 30/43 modules 13 active /Users/yonghyunyeob/Documents/lecture/react/greenLanton/node_modules/core-js/modules/es.object.keys.js
<s> [webpack.Progress] 13% building 30/44 modules 14 active /Users/yonghyunyeob/Documents/lecture/react/greenLanton/node_modules/core-js/modules/es.symbol.js
<s> [webpack.Progress] 13% building 30/45 modules 15 active /Users/yonghyunyeob/Documents/lecture/react/greenLanton/node_modules/core-js/modules/es.array.filter.js
<s> [webpack.Progress] 13% building 30/46 modules 16 active /Users/yonghyunyeob/Documents/lecture/react/greenLanton/node_modules/core-js/modules/es.object.get-own-property-descriptor.js
<s> [webpack.Progress] 13% building 30/47 modules 17 active /Users/yonghyunyeob/Documents/lecture/react/greenLanton/node_modules/core-js/modules/es.array.for-each.js
<s> [webpack.Progress] 13% building 30/48 modules 18 active /Users/yonghyunyeob/Documents/lecture/react/greenLanton/node_modules/core-js/modules/web.dom-collections.for-each.js
<s> [webpack.Progress] 13% building 30/49 modules 19 active /Users/yonghyunyeob/Documents/lecture/react/greenLanton/node_modules/core-js/modules/es.object.define-properties.js
<s> [webpack.Progress] 13% building 30/50 modules 20 active /Users/yonghyunyeob/Documents/lecture/react/greenLanton/node_modules/core-js/modules/es.object.get-own-property-descriptors.js
<s> [webpack.Progress] 13% building 30/51 modules 21 active /Users/yonghyunyeob/Documents/lecture/react/greenLanton/node_modules/core-js/modules/es.object.define-property.js
<s> [webpack.Progress] 13% building 30/52 modules 22 active /Users/yonghyunyeob/Documents/lecture/react/greenLanton/node_modules/@storybook/addon-docs/dist/esm/frameworks/common/enhanceArgTypes.js
<s> [webpack.Progress] 13% building 30/53 modules 23 active /Users/yonghyunyeob/Documents/lecture/react/greenLanton/node_modules/@storybook/addon-docs/dist/esm/frameworks/react/extractArgTypes.js
<s> [webpack.Progress] 13% building 30/54 modules 24 active /Users/yonghyunyeob/Documents/lecture/react/greenLanton/node_modules/@storybook/addon-docs/dist/esm/frameworks/react/jsxDecorator.js
<s> [webpack.Progress] 13% building 31/54 modules 23 active /Users/yonghyunyeob/Documents/lecture/react/greenLanton/node_modules/@storybook/addon-docs/dist/esm/frameworks/react/jsxDecorator.js
<s> [webpack.Progress] 13% building 32/54 modules 22 active /Users/yonghyunyeob/Documents/lecture/react/greenLanton/node_modules/@storybook/addon-docs/dist/esm/frameworks/react/jsxDecorator.js
<s> [webpack.Progress] 13% building 33/54 modules 21 active /Users/yonghyunyeob/Documents/lecture/react/greenLanton/node_modules/@storybook/addon-docs/dist/esm/frameworks/react/jsxDecorator.js
<s> [webpack.Progress] 14% building 34/54 modules 20 active /Users/yonghyunyeob/Documents/lecture/react/greenLanton/node_modules/@storybook/addon-docs/dist/esm/frameworks/react/jsxDecorator.js
<s> [webpack.Progress] 14% building 35/54 modules 19 active /Users/yonghyunyeob/Documents/lecture/react/greenLanton/node_modules/@storybook/addon-docs/dist/esm/frameworks/react/jsxDecorator.js
<s> [webpack.Progress] 14% building 36/54 modules 18 active /Users/yonghyunyeob/Documents/lecture/react/greenLanton/node_modules/@storybook/addon-docs/dist/esm/frameworks/react/jsxDecorator.js
<s> [webpack.Progress] 14% building 37/54 modules 17 active /Users/yonghyunyeob/Documents/lecture/react/greenLanton/node_modules/@storybook/addon-docs/dist/esm/frameworks/react/jsxDecorator.js
<s> [webpack.Progress] 14% building 38/54 modules 16 active /Users/yonghyunyeob/Documents/lecture/react/greenLanton/node_modules/@storybook/addon-docs/dist/esm/frameworks/react/jsxDecorator.js
<s> [webpack.Progress] 14% building 39/54 modules 15 active /Users/yonghyunyeob/Documents/lecture/react/greenLanton/node_modules/@storybook/addon-docs/dist/esm/frameworks/react/jsxDecorator.js
